<?xml version="1.0" encoding="UTF-8"?>
<testng-results ignored="0" total="1" passed="1" failed="0" skipped="0">
  <reporter-output>
  </reporter-output>
  <suite started-at="2024-12-27T12:43:33 IST" name="Default suite" finished-at="2024-12-27T12:43:49 IST" duration-ms="15972">
    <groups>
    </groups>
    <test started-at="2024-12-27T12:43:33 IST" name="Default test" finished-at="2024-12-27T12:43:49 IST" duration-ms="15972">
      <class name="amazon_Package.AmazonProject_Maven.TestCase2">
        <test-method is-config="true" signature="launchBrowser()[pri:0, instance:amazon_Package.AmazonProject_Maven.TestCase2@42e99e4a]" started-at="2024-12-27T12:43:33 IST" name="launchBrowser" finished-at="2024-12-27T12:43:42 IST" duration-ms="9170" status="PASS">
          <reporter-output>
          </reporter-output>
        </test-method> <!-- launchBrowser -->
        <test-method signature="login()[pri:0, instance:amazon_Package.AmazonProject_Maven.TestCase2@42e99e4a]" started-at="2024-12-27T12:43:42 IST" name="login" finished-at="2024-12-27T12:43:49 IST" duration-ms="6768" status="PASS">
          <reporter-output>
          </reporter-output>
        </test-method> <!-- login -->
        <test-method is-config="true" signature="quitbrowser()[pri:0, instance:amazon_Package.AmazonProject_Maven.TestCase2@42e99e4a]" started-at="2024-12-27T12:43:49 IST" name="quitbrowser" finished-at="2024-12-27T12:43:49 IST" duration-ms="0" status="PASS">
          <reporter-output>
          </reporter-output>
        </test-method> <!-- quitbrowser -->
      </class> <!-- amazon_Package.AmazonProject_Maven.TestCase2 -->
    </test> <!-- Default test -->
  </suite> <!-- Default suite -->
</testng-results>
